2023-01-05 16:50:47.821 [main] INFO  MyTest - Hello
2023-01-05 16:52:06.909 [main] INFO  MyTest - Hello
2023-01-05 16:53:44.096 [main] DEBUG org.apache.ibatis.logging.LogFactory - Logging initialized using 'class org.apache.ibatis.logging.slf4j.Slf4jImpl' adapter.
2023-01-05 16:53:44.098 [main] DEBUG org.apache.ibatis.logging.LogFactory - Logging initialized using 'class org.apache.ibatis.logging.slf4j.Slf4jImpl' adapter.
2023-01-05 16:53:44.113 [main] DEBUG o.apache.ibatis.datasource.pooled.PooledDataSource - PooledDataSource forcefully closed/removed all connections.
2023-01-05 16:53:44.114 [main] DEBUG o.apache.ibatis.datasource.pooled.PooledDataSource - PooledDataSource forcefully closed/removed all connections.
2023-01-05 16:53:44.114 [main] DEBUG o.apache.ibatis.datasource.pooled.PooledDataSource - PooledDataSource forcefully closed/removed all connections.
2023-01-05 16:53:44.116 [main] DEBUG o.apache.ibatis.datasource.pooled.PooledDataSource - PooledDataSource forcefully closed/removed all connections.
2023-01-05 16:53:44.199 [main] DEBUG org.apache.ibatis.transaction.jdbc.JdbcTransaction - Opening JDBC Connection
2023-01-05 16:53:44.396 [main] DEBUG o.apache.ibatis.datasource.pooled.PooledDataSource - Created connection 1404932042.
2023-01-05 16:53:44.397 [main] DEBUG org.apache.ibatis.transaction.jdbc.JdbcTransaction - Setting autocommit to false on JDBC Connection [com.mysql.cj.jdbc.ConnectionImpl@53bd8fca]
2023-01-05 16:53:44.399 [main] DEBUG org.example.dao.UserMapper.insertUser - ==>  Preparing: insert into com_user(name, password) value(?, ?);
2023-01-05 16:53:44.432 [main] DEBUG org.example.dao.UserMapper.insertUser - ==> Parameters: wcp(String), 123(String)
2023-01-05 16:53:44.434 [main] DEBUG org.example.dao.UserMapper.insertUser - <==    Updates: 1
2023-01-05 16:53:44.450 [main] DEBUG org.apache.ibatis.transaction.jdbc.JdbcTransaction - Committing JDBC Connection [com.mysql.cj.jdbc.ConnectionImpl@53bd8fca]
2023-01-05 16:53:44.452 [main] DEBUG org.apache.ibatis.transaction.jdbc.JdbcTransaction - Resetting autocommit to true on JDBC Connection [com.mysql.cj.jdbc.ConnectionImpl@53bd8fca]
2023-01-05 16:53:44.452 [main] DEBUG org.apache.ibatis.transaction.jdbc.JdbcTransaction - Closing JDBC Connection [com.mysql.cj.jdbc.ConnectionImpl@53bd8fca]
2023-01-05 16:53:44.452 [main] DEBUG o.apache.ibatis.datasource.pooled.PooledDataSource - Returned connection 1404932042 to pool.
2023-01-05 16:59:29.362 [main] DEBUG org.apache.ibatis.logging.LogFactory - Logging initialized using 'class org.apache.ibatis.logging.slf4j.Slf4jImpl' adapter.
2023-01-05 16:59:29.364 [main] DEBUG org.apache.ibatis.logging.LogFactory - Logging initialized using 'class org.apache.ibatis.logging.slf4j.Slf4jImpl' adapter.
2023-01-05 16:59:29.377 [main] DEBUG o.apache.ibatis.datasource.pooled.PooledDataSource - PooledDataSource forcefully closed/removed all connections.
2023-01-05 16:59:29.378 [main] DEBUG o.apache.ibatis.datasource.pooled.PooledDataSource - PooledDataSource forcefully closed/removed all connections.
2023-01-05 16:59:29.378 [main] DEBUG o.apache.ibatis.datasource.pooled.PooledDataSource - PooledDataSource forcefully closed/removed all connections.
2023-01-05 16:59:29.378 [main] DEBUG o.apache.ibatis.datasource.pooled.PooledDataSource - PooledDataSource forcefully closed/removed all connections.
2023-01-05 16:59:29.445 [main] DEBUG org.apache.ibatis.transaction.jdbc.JdbcTransaction - Opening JDBC Connection
2023-01-05 16:59:29.592 [main] DEBUG o.apache.ibatis.datasource.pooled.PooledDataSource - Created connection 137460818.
2023-01-05 16:59:29.592 [main] DEBUG org.apache.ibatis.transaction.jdbc.JdbcTransaction - Setting autocommit to false on JDBC Connection [com.mysql.cj.jdbc.ConnectionImpl@8317c52]
2023-01-05 16:59:29.595 [main] DEBUG org.example.dao.UserMapper.queryUserByLimit - ==>  Preparing: select * from com_user limit ?,?
2023-01-05 16:59:29.624 [main] DEBUG org.example.dao.UserMapper.queryUserByLimit - ==> Parameters: 1(Integer), 2(Integer)
2023-01-05 16:59:29.656 [main] DEBUG org.example.dao.UserMapper.queryUserByLimit - <==      Total: 2
